<?xml version="1.0" encoding="UTF-8"?>
<!-- Generated by org.testng.reporters.JUnitReportReporter -->
<testsuite skipped="0" hostname="Saiful-PC" name="greencart.aminTest" tests="1" failures="0" timestamp="2020-05-23T15:06:49 EDT" time="12.132" errors="0">
  <testcase name="run" time="12.132" classname="greencart.aminTest"/>
  <system-out/>
</testsuite> <!-- greencart.aminTest -->
